<?xml version="1.0" encoding="UTF-8"?>
<!-- Generated by org.testng.reporters.JUnitReportReporter -->
<testsuite hostname="DESKTOP-G6GQVNJ" failures="0" tests="1" name="com.scotts.mylawn.testcases.GrassTypeTest" time="28.830" errors="0" timestamp="17 Sep 2019 21:00:33 GMT" skipped="0">
  <testcase classname="com.scotts.mylawn.testcases.GrassTypeTest" name="GrassSelected" time="28.830"/>
</testsuite> <!-- com.scotts.mylawn.testcases.GrassTypeTest -->
