<?xml version="1.0" encoding="UTF-8"?>
<!-- Generated by org.testng.reporters.JUnitReportReporter -->
<testsuite hostname="DESKTOP-G6GQVNJ" failures="0" tests="1" name="com.scotts.mylawn.testcases.LawnTipsTest" time="36.529" errors="0" timestamp="26 Aug 2019 19:32:47 GMT" skipped="0">
  <testcase classname="com.scotts.mylawn.testcases.LawnTipsTest" name="OpnHeroArticle" time="36.529"/>
</testsuite> <!-- com.scotts.mylawn.testcases.LawnTipsTest -->
