<?xml version="1.0" encoding="UTF-8"?>
<!-- Generated by org.testng.reporters.JUnitReportReporter -->
<testsuite hostname="DESKTOP-G6GQVNJ" failures="0" tests="1" name="com.scotts.mylawn.testcases.LoginTest" time="45.130" errors="0" timestamp="30 Oct 2019 18:34:24 GMT" skipped="0">
  <testcase classname="com.scotts.mylawn.testcases.LoginTest" name="LogScotAcc" time="45.130"/>
</testsuite> <!-- com.scotts.mylawn.testcases.LoginTest -->
