<?xml version="1.0" encoding="UTF-8"?>
<!-- Generated by org.testng.reporters.JUnitReportReporter -->
<testsuite hostname="DESKTOP-G6GQVNJ" failures="0" tests="1" name="com.scotts.mygarden.testcases.LoginTest" time="31.569" errors="0" timestamp="31 Jul 2019 14:31:10 GMT" skipped="0">
  <testcase classname="com.scotts.mygarden.testcases.LoginTest" name="LogScotAcc" time="31.569"/>
</testsuite> <!-- com.scotts.mygarden.testcases.LoginTest -->
