<?xml version="1.0" encoding="UTF-8"?>
<!-- Generated by org.testng.reporters.JUnitReportReporter -->
<testsuite hostname="DESKTOP-G6GQVNJ" failures="0" tests="1" name="com.scotts.mylawn.testcases.LawnSizeTest" time="58.677" errors="0" timestamp="30 Oct 2019 20:29:55 GMT" skipped="0">
  <testcase classname="com.scotts.mylawn.testcases.LawnSizeTest" name="SelectCMLCP" time="58.677"/>
</testsuite> <!-- com.scotts.mylawn.testcases.LawnSizeTest -->
