<?xml version="1.0" encoding="UTF-8"?>
<!-- Generated by org.testng.reporters.JUnitReportReporter -->
<testsuite hostname="DESKTOP-G6GQVNJ" failures="0" tests="1" name="com.scotts.mylawn.testcases.LawnSizeTest" time="81.264" errors="0" timestamp="05 Nov 2019 13:11:59 GMT" skipped="0">
  <testcase classname="com.scotts.mylawn.testcases.LawnSizeTest" name="SelectCMLCP" time="81.264"/>
</testsuite> <!-- com.scotts.mylawn.testcases.LawnSizeTest -->
