<?xml version="1.0" encoding="UTF-8"?>
<!-- Generated by org.testng.reporters.JUnitReportReporter -->
<testsuite skipped="0" hostname="DESKTOP-G6GQVNJ" name="com.scotts.mygarden.testcases.lawncareplan" tests="1" failures="0" timestamp="29 May 2019 14:51:06 GMT" time="35.421" errors="0">
  <testcase name="GuestUser" time="35.421" classname="com.scotts.mygarden.testcases.lawncareplan"/>
</testsuite> <!-- com.scotts.mygarden.testcases.lawncareplan -->
